# JRE version: OpenJDK Runtime Environment (8.0_242-b01) (build 1.8.0_242-release-1644-b01)
# Java VM: OpenJDK 64-Bit Server VM (25.242-b01 mixed mode windows-amd64 compressed oops)
Heap:
 PSYoungGen      total 533504K, used 200118K [0x00000000d5580000, 0x00000000ffa00000, 0x0000000100000000)
  eden space 468992K, 28% used [0x00000000d5580000,0x00000000dd9efc80,0x00000000f1f80000)
  from space 64512K, 99% used [0x00000000f7600000,0x00000000fb4fdef0,0x00000000fb500000)
  to   space 88576K, 0% used [0x00000000f1f80000,0x00000000f1f80000,0x00000000f7600000)
 ParOldGen       total 238592K, used 166082K [0x0000000080000000, 0x000000008e900000, 0x00000000d5580000)
  object space 238592K, 69% used [0x0000000080000000,0x000000008a230a50,0x000000008e900000)
 Metaspace       used 116086K, capacity 120886K, committed 120984K, reserved 1155072K
  class space    used 14776K, capacity 15707K, committed 15792K, reserved 1048576K
GC Heap History (10 events):
Event: 710.150 GC heap before
{Heap before GC invocations=19 (full 4):
 PSYoungGen      total 407552K, used 374272K [0x00000000d5580000, 0x00000000f0d00000, 0x0000000100000000)
  eden space 374272K, 100% used [0x00000000d5580000,0x00000000ec300000,0x00000000ec300000)
  from space 33280K, 0% used [0x00000000ee380000,0x00000000ee380000,0x00000000f0400000)
  to   space 33280K, 0% used [0x00000000ec300000,0x00000000ec300000,0x00000000ee380000)
 ParOldGen       total 145920K, used 69399K [0x0000000080000000, 0x0000000088e80000, 0x00000000d5580000)
  object space 145920K, 47% used [0x0000000080000000,0x00000000843c5c60,0x0000000088e80000)
 Metaspace       used 101679K, capacity 106210K, committed 106392K, reserved 1140736K
  class space    used 13284K, capacity 14149K, committed 14256K, reserved 1048576K
Event: 710.170 GC heap after
Heap after GC invocations=19 (full 4):
 PSYoungGen      total 407552K, used 11830K [0x00000000d5580000, 0x00000000f5200000, 0x0000000100000000)
  eden space 374272K, 0% used [0x00000000d5580000,0x00000000d5580000,0x00000000ec300000)
  from space 33280K, 35% used [0x00000000ec300000,0x00000000ece8da68,0x00000000ee380000)
  to   space 31744K, 0% used [0x00000000f3300000,0x00000000f3300000,0x00000000f5200000)
 ParOldGen       total 145920K, used 69407K [0x0000000080000000, 0x0000000088e80000, 0x00000000d5580000)
  object space 145920K, 47% used [0x0000000080000000,0x00000000843c7c60,0x0000000088e80000)
 Metaspace       used 101679K, capacity 106210K, committed 106392K, reserved 1140736K
  class space    used 13284K, capacity 14149K, committed 14256K, reserved 1048576K
}
Event: 725.605 GC heap before
{Heap before GC invocations=20 (full 4):
 PSYoungGen      total 407552K, used 386102K [0x00000000d5580000, 0x00000000f5200000, 0x0000000100000000)
  eden space 374272K, 100% used [0x00000000d5580000,0x00000000ec300000,0x00000000ec300000)
  from space 33280K, 35% used [0x00000000ec300000,0x00000000ece8da68,0x00000000ee380000)
  to   space 31744K, 0% used [0x00000000f3300000,0x00000000f3300000,0x00000000f5200000)
 ParOldGen       total 145920K, used 69407K [0x0000000080000000, 0x0000000088e80000, 0x00000000d5580000)
  object space 145920K, 47% used [0x0000000080000000,0x00000000843c7c60,0x0000000088e80000)
 Metaspace       used 108713K, capacity 113386K, committed 113560K, reserved 1148928K
  class space    used 14032K, capacity 14939K, committed 15024K, reserved 1048576K
Event: 725.726 GC heap after
Heap after GC invocations=20 (full 4):
 PSYoungGen      total 463360K, used 31733K [0x00000000d5580000, 0x00000000f8100000, 0x0000000100000000)
  eden space 431616K, 0% used [0x00000000d5580000,0x00000000d5580000,0x00000000efb00000)
  from space 31744K, 99% used [0x00000000f3300000,0x00000000f51fd5f0,0x00000000f5200000)
  to   space 57344K, 0% used [0x00000000efb00000,0x00000000efb00000,0x00000000f3300000)
 ParOldGen       total 145920K, used 124346K [0x0000000080000000, 0x0000000088e80000, 0x00000000d5580000)
  object space 145920K, 85% used [0x0000000080000000,0x000000008796e920,0x0000000088e80000)
 Metaspace       used 108713K, capacity 113386K, committed 113560K, reserved 1148928K
  class space    used 14032K, capacity 14939K, committed 15024K, reserved 1048576K
}
Event: 725.726 GC heap before
{Heap before GC invocations=21 (full 5):
 PSYoungGen      total 463360K, used 31733K [0x00000000d5580000, 0x00000000f8100000, 0x0000000100000000)
  eden space 431616K, 0% used [0x00000000d5580000,0x00000000d5580000,0x00000000efb00000)
  from space 31744K, 99% used [0x00000000f3300000,0x00000000f51fd5f0,0x00000000f5200000)
  to   space 57344K, 0% used [0x00000000efb00000,0x00000000efb00000,0x00000000f3300000)
 ParOldGen       total 145920K, used 124346K [0x0000000080000000, 0x0000000088e80000, 0x00000000d5580000)
  object space 145920K, 85% used [0x0000000080000000,0x000000008796e920,0x0000000088e80000)
 Metaspace       used 108713K, capacity 113386K, committed 113560K, reserved 1148928K
  class space    used 14032K, capacity 14939K, committed 15024K, reserved 1048576K
Event: 726.243 GC heap after
Heap after GC invocations=21 (full 5):
 PSYoungGen      total 463360K, used 0K [0x00000000d5580000, 0x00000000f8100000, 0x0000000100000000)
  eden space 431616K, 0% used [0x00000000d5580000,0x00000000d5580000,0x00000000efb00000)
  from space 31744K, 0% used [0x00000000f3300000,0x00000000f3300000,0x00000000f5200000)
  to   space 57344K, 0% used [0x00000000efb00000,0x00000000efb00000,0x00000000f3300000)
 ParOldGen       total 238592K, used 130516K [0x0000000080000000, 0x000000008e900000, 0x00000000d5580000)
  object space 238592K, 54% used [0x0000000080000000,0x0000000087f75100,0x000000008e900000)
 Metaspace       used 108657K, capacity 113220K, committed 113560K, reserved 1148928K
  class space    used 14013K, capacity 14904K, committed 15024K, reserved 1048576K
}
Event: 898.695 GC heap before
{Heap before GC invocations=22 (full 5):
 PSYoungGen      total 463360K, used 431616K [0x00000000d5580000, 0x00000000f8100000, 0x0000000100000000)
  eden space 431616K, 100% used [0x00000000d5580000,0x00000000efb00000,0x00000000efb00000)
  from space 31744K, 0% used [0x00000000f3300000,0x00000000f3300000,0x00000000f5200000)
  to   space 57344K, 0% used [0x00000000efb00000,0x00000000efb00000,0x00000000f3300000)
 ParOldGen       total 238592K, used 130516K [0x0000000080000000, 0x000000008e900000, 0x00000000d5580000)
  object space 238592K, 54% used [0x0000000080000000,0x0000000087f75100,0x000000008e900000)
 Metaspace       used 109280K, capacity 113990K, committed 114328K, reserved 1148928K
  class space    used 14028K, capacity 14923K, committed 15024K, reserved 1048576K
Event: 898.771 GC heap after
Heap after GC invocations=22 (full 5):
 PSYoungGen      total 488960K, used 51266K [0x00000000d5580000, 0x00000000fb500000, 0x0000000100000000)
  eden space 431616K, 0% used [0x00000000d5580000,0x00000000d5580000,0x00000000efb00000)
  from space 57344K, 89% used [0x00000000efb00000,0x00000000f2d10938,0x00000000f3300000)
  to   space 64512K, 0% used [0x00000000f7600000,0x00000000f7600000,0x00000000fb500000)
 ParOldGen       total 238592K, used 130524K [0x0000000080000000, 0x000000008e900000, 0x00000000d5580000)
  object space 238592K, 54% used [0x0000000080000000,0x0000000087f77100,0x000000008e900000)
 Metaspace       used 109280K, capacity 113990K, committed 114328K, reserved 1148928K
  class space    used 14028K, capacity 14923K, committed 15024K, reserved 1048576K
}
Event: 904.602 GC heap before
{Heap before GC invocations=23 (full 5):
 PSYoungGen      total 488960K, used 482882K [0x00000000d5580000, 0x00000000fb500000, 0x0000000100000000)
  eden space 431616K, 100% used [0x00000000d5580000,0x00000000efb00000,0x00000000efb00000)
  from space 57344K, 89% used [0x00000000efb00000,0x00000000f2d10938,0x00000000f3300000)
  to   space 64512K, 0% used [0x00000000f7600000,0x00000000f7600000,0x00000000fb500000)
 ParOldGen       total 238592K, used 130524K [0x0000000080000000, 0x000000008e900000, 0x00000000d5580000)
  object space 238592K, 54% used [0x0000000080000000,0x0000000087f77100,0x000000008e900000)
 Metaspace       used 116039K, capacity 120860K, committed 120984K, reserved 1155072K
  class space    used 14771K, capacity 15704K, committed 15792K, reserved 1048576K
Event: 904.770 GC heap after
Heap after GC invocations=23 (full 5):
 PSYoungGen      total 533504K, used 64503K [0x00000000d5580000, 0x00000000ffa00000, 0x0000000100000000)
  eden space 468992K, 0% used [0x00000000d5580000,0x00000000d5580000,0x00000000f1f80000)
  from space 64512K, 99% used [0x00000000f7600000,0x00000000fb4fdef0,0x00000000fb500000)
  to   space 88576K, 0% used [0x00000000f1f80000,0x00000000f1f80000,0x00000000f7600000)
 ParOldGen       total 238592K, used 166082K [0x0000000080000000, 0x000000008e900000, 0x00000000d5580000)
  object space 238592K, 69% used [0x0000000080000000,0x000000008a230a50,0x000000008e900000)
 Metaspace       used 116039K, capacity 120860K, committed 120984K, reserved 1155072K
  class space    used 14771K, capacity 15704K, committed 15792K, reserved 1048576K
}

